INFO: [Common 17-701] A license check has taken more than 10 seconds to complete. This may indicate that there is a performance issue with one or more license servers listed in XILINXD_LICENSE_FILE or LM_LICENSE_FILE, or that the license servers are just not responding at all. Try setting the FLEXLM_DIAGNOSTICS environment variable to 3 and running Vivado again to get more information.
#-----------------------------------------------------------
# Webtalk v2015.2 (64-bit)
# SW Build 1266856 on Fri Jun 26 16:35:25 MDT 2015
# 
# Start of session at: Mon Apr 04 13:16:31 2016
# Process ID: 8256
# Log file: C:/Xilinx/Vivado/2015.2/progetti/uub_assiro_nitz/uub_proto/vivado_uub_proto.sdk/webtalk/webtalk.log
# Journal file: C:/Xilinx/Vivado/2015.2/progetti/uub_assiro_nitz/uub_proto/vivado_uub_proto.sdk/webtalk\webtalk.jou
#-----------------------------------------------------------
source sdk_webtalk.tcl
# webtalk_init -webtalk_dir C:\\Xilinx\\Vivado\\2015.2\\progetti\\uub_assiro_nitz\\uub_proto\\vivado_uub_proto.sdk\\webtalk
# webtalk_register_client -client project
# webtalk_add_data -client project -key date_generated -value "lun apr 4 04:48:09 2016" -context "software_version_and_target_device"
# webtalk_add_data -client project -key product_version -value "SDK v2015.2" -context "software_version_and_target_device"
# webtalk_add_data -client project -key build_version -value "2015.2" -context "software_version_and_target_device"
# webtalk_add_data -client project -key os_platform -value "amd64" -context "software_version_and_target_device"
# webtalk_add_data -client project -key registration_id -value "" -context "software_version_and_target_device"
# webtalk_add_data -client project -key tool_flow -value "SDK" -context "software_version_and_target_device"
# webtalk_add_data -client project -key beta -value "false" -context "software_version_and_target_device"
# webtalk_add_data -client project -key route_design -value "NA" -context "software_version_and_target_device"
# webtalk_add_data -client project -key target_family -value "NA" -context "software_version_and_target_device"
# webtalk_add_data -client project -key target_device -value "NA" -context "software_version_and_target_device"
# webtalk_add_data -client project -key target_package -value "NA" -context "software_version_and_target_device"
# webtalk_add_data -client project -key target_speed -value "NA" -context "software_version_and_target_device"
# webtalk_add_data -client project -key random_id -value "14t2raucm506df64uve008buec" -context "software_version_and_target_device"
# webtalk_add_data -client project -key project_id -value "2015.2_7" -context "software_version_and_target_device"
# webtalk_add_data -client project -key project_iteration -value "7" -context "software_version_and_target_device"
# webtalk_add_data -client project -key os_name -value "" -context "user_environment"
# webtalk_add_data -client project -key os_release -value "" -context "user_environment"
# webtalk_add_data -client project -key cpu_name -value "" -context "user_environment"
# webtalk_add_data -client project -key cpu_speed -value "" -context "user_environment"
# webtalk_add_data -client project -key total_processors -value "" -context "user_environment"
# webtalk_add_data -client project -key system_ram -value "" -context "user_environment"
# webtalk_register_client -client sdk
# webtalk_add_data -client sdk -key uid -value "1459735944665" -context "sdk\\\\application/1459735944665"
# webtalk_add_data -client sdk -key os -value "linux" -context "sdk\\\\application/1459735944665"
# webtalk_add_data -client sdk -key apptemplate -value "linux_hello_world" -context "sdk\\\\application/1459735944665"
# webtalk_transmit -clientid 1234681252 -regid "" -xml C:\\Xilinx\\Vivado\\2015.2\\progetti\\uub_assiro_nitz\\uub_proto\\vivado_uub_proto.sdk\\webtalk\\usage_statistics_ext_sdk.xml -html C:\\Xilinx\\Vivado\\2015.2\\progetti\\uub_assiro_nitz\\uub_proto\\vivado_uub_proto.sdk\\webtalk\\usage_statistics_ext_sdk.html -wdm C:\\Xilinx\\Vivado\\2015.2\\progetti\\uub_assiro_nitz\\uub_proto\\vivado_uub_proto.sdk\\webtalk\\sdk_webtalk.wdm -intro "<H3>SDK Usage Report</H3><BR>"

    while executing
"webtalk_transmit -clientid 1234681252 -regid "" -xml C:\\Xilinx\\Vivado\\2015.2\\progetti\\uub_assiro_nitz\\uub_proto\\vivado_uub_proto.sdk\\webtalk\\..."
    (file "sdk_webtalk.tcl" line 28)
INFO: [Common 17-206] Exiting Webtalk at Mon Apr 04 13:16:32 2016...
